<?xml version="1.0" encoding="UTF-8" standalone="no"?>
<testsuite failures="0" name="cucumber.runtime.formatter.JUnitFormatter" skipped="0" tests="2" time="11.170799">
    <testcase classname="To validate the login functionality of facebook application" name="To validate the login functionality with invalid username and password" time="6.992161">
        <system-out><![CDATA[Given The user should be in facebook page...................................passed
When The user has to fill invalid "manoj"and "34567"........................passed
And The user has to click the "login" button................................passed
Then The user should navigate to the invalid login page.....................passed
]]></system-out>
    </testcase>
    <testcase classname="To validate the registration functionality of facebook application" name="To validate the registration functionality" time="4.178638">
        <system-out><![CDATA[Given The user should be in facebook page...................................passed
When The user has to click create new account link..........................passed
And The user has to fill the firstname, lastname and other details..........passed
And The user has to click the "signup" button...............................passed
Then The user should get message successfull registered.....................passed
]]></system-out>
    </testcase>
</testsuite>
